<?xml version="1.0" encoding="UTF-8"?>
<!-- Generated by org.testng.reporters.JUnitReportReporter -->
<testsuite hostname="DESKTOP-HL8MVC1" failures="0" tests="1" name="com.techpanda.testcases.TC_MobileMenu_001" time="8.883" errors="0" timestamp="2022-07-28T18:20:37 IST" skipped="0">
  <testcase classname="com.techpanda.testcases.TC_MobileMenu_001" name="verifyTitle" time="8.883"/>
  <system-out/>
</testsuite> <!-- com.techpanda.testcases.TC_MobileMenu_001 -->
