<?xml version="1.0" encoding="UTF-8"?>
<!-- Generated by org.testng.reporters.JUnitReportReporter -->
<testsuite hostname="DESKTOP-HL8MVC1" failures="0" tests="1" name="com.techpanda.testcases.TC_CartQuantityExceedVerify_003" time="13.039" errors="0" timestamp="2022-07-29T15:10:23 IST" skipped="0">
  <testcase classname="com.techpanda.testcases.TC_CartQuantityExceedVerify_003" name="verifyCartQuantity" time="13.039"/>
  <system-out/>
</testsuite> <!-- com.techpanda.testcases.TC_CartQuantityExceedVerify_003 -->
